[debug] [2025-05-08T02:58:03.943Z] ----------------------------------------------------------------------
[debug] [2025-05-08T02:58:03.948Z] Command:       D:\Nodejs\node.exe C:\Users\Sushant\AppData\Roaming\npm\node_modules\firebase-tools\lib\bin\firebase.js init
[debug] [2025-05-08T02:58:03.949Z] CLI Version:   14.3.0
[debug] [2025-05-08T02:58:03.949Z] Platform:      win32
[debug] [2025-05-08T02:58:03.949Z] Node Version:  v22.6.0
[debug] [2025-05-08T02:58:03.950Z] Time:          Thu May 08 2025 08:28:03 GMT+0530 (India Standard Time)
[debug] [2025-05-08T02:58:03.950Z] ----------------------------------------------------------------------
[debug] 
[debug] [2025-05-08T02:58:03.965Z] > command requires scopes: ["email","openid","https://www.googleapis.com/auth/cloudplatformprojects.readonly","https://www.googleapis.com/auth/firebase","https://www.googleapis.com/auth/cloud-platform"]
[debug] [2025-05-08T02:58:03.966Z] > authorizing via signed-in user (panditsushant11@gmail.com)
[info] 
     ######## #### ########  ######## ########     ###     ######  ########
     ##        ##  ##     ## ##       ##     ##  ##   ##  ##       ##
     ######    ##  ########  ######   ########  #########  ######  ######
     ##        ##  ##    ##  ##       ##     ## ##     ##       ## ##
     ##       #### ##     ## ######## ########  ##     ##  ######  ########

You're about to initialize a Firebase project in this directory:

  D:\js small projects\AiImageEnhancer

[info] 
=== Project Setup
[info] 
[info] First, let's associate this project directory with a Firebase project.
[info] You can create multiple project aliases by running firebase use --add, 
[info] but for now we'll just set up a default project.
[info] 
[info] i  If you want to create a project in a Google Cloud organization or folder, please use "firebase projects:create" instead, and return to this command when you've created the project. 
[debug] [2025-05-08T02:59:20.793Z] Checked if tokens are valid: true, expires at: 1746676663124
[debug] [2025-05-08T02:59:20.794Z] Checked if tokens are valid: true, expires at: 1746676663124
[debug] [2025-05-08T02:59:20.798Z] >>> [apiv2][query] POST https://cloudresourcemanager.googleapis.com/v1/projects [none]
[debug] [2025-05-08T02:59:20.798Z] >>> [apiv2][body] POST https://cloudresourcemanager.googleapis.com/v1/projects {"projectId":"AiImageEnhancer","name":"AiImageEnhancer"}
[debug] [2025-05-08T02:59:22.485Z] <<< [apiv2][status] POST https://cloudresourcemanager.googleapis.com/v1/projects 400
[debug] [2025-05-08T02:59:22.485Z] <<< [apiv2][body] POST https://cloudresourcemanager.googleapis.com/v1/projects {"error":{"code":400,"message":"field [project_id] has issue [project_id contains invalid characters]","status":"INVALID_ARGUMENT","details":[{"@type":"type.googleapis.com/google.rpc.BadRequest","fieldViolations":[{"field":"project_id","description":"project_id contains invalid characters"}]},{"@type":"type.googleapis.com/google.rpc.Help","links":[{"url":"https://cloud.google.com/resource-manager/reference/rest/v1/projects"}]}]}}
[debug] [2025-05-08T02:59:22.491Z] FirebaseError: Request to https://cloudresourcemanager.googleapis.com/v1/projects had HTTP Error: 400, field [project_id] has issue [project_id contains invalid characters]
    at responseToError (C:\Users\Sushant\AppData\Roaming\npm\node_modules\firebase-tools\lib\responseToError.js:52:12)
    at RetryOperation._fn (C:\Users\Sushant\AppData\Roaming\npm\node_modules\firebase-tools\lib\apiv2.js:312:77)
    at process.processTicksAndRejections (node:internal/process/task_queues:95:5)
[error] 
[error] Error: Failed to create project. See firebase-debug.log for more info.
